Determining if the function pthread_create exists in the pthreads failed with the following output:
Change Dir: /home/moose/Code/github/onyx-helloworld/build/arm/CMakeFiles/CMakeTmp

Run Build Command:/usr/bin/make "cmTryCompileExec/fast"
/usr/bin/make -f CMakeFiles/cmTryCompileExec.dir/build.make CMakeFiles/cmTryCompileExec.dir/build
make[1]: Entering directory `/home/moose/Code/github/onyx-helloworld/build/arm/CMakeFiles/CMakeTmp'
/usr/bin/cmake -E cmake_progress_report /home/moose/Code/github/onyx-helloworld/build/arm/CMakeFiles/CMakeTmp/CMakeFiles 1
Building C object CMakeFiles/cmTryCompileExec.dir/CheckFunctionExists.c.o
/opt/freescale/usr/local/gcc-4.4.4-glibc-2.11.1-multilib-1.0/arm-fsl-linux-gnueabi/bin/arm-linux-gcc   -DCHECK_FUNCTION_EXISTS=pthread_create   -o CMakeFiles/cmTryCompileExec.dir/CheckFunctionExists.c.o   -c /usr/share/cmake-2.8/Modules/CheckFunctionExists.c
Linking C executable cmTryCompileExec
/usr/bin/cmake -E cmake_link_script CMakeFiles/cmTryCompileExec.dir/link.txt --verbose=1
/opt/freescale/usr/local/gcc-4.4.4-glibc-2.11.1-multilib-1.0/arm-fsl-linux-gnueabi/bin/arm-linux-gcc     -DCHECK_FUNCTION_EXISTS=pthread_create   CMakeFiles/cmTryCompileExec.dir/CheckFunctionExists.c.o  -o cmTryCompileExec -rdynamic -lpthreads 
/opt/freescale/usr/local/gcc-4.4.4-glibc-2.11.1-multilib-1.0/arm-fsl-linux-gnueabi/bin/../lib/gcc/arm-fsl-linux-gnueabi/4.4.4/../../../../arm-fsl-linux-gnueabi/bin/ld: cannot find -lpthreads
collect2: ld returned 1 exit status
make[1]: Leaving directory `/home/moose/Code/github/onyx-helloworld/build/arm/CMakeFiles/CMakeTmp'
make[1]: *** [cmTryCompileExec] Error 1
make: *** [cmTryCompileExec/fast] Error 2


Determining if the Q_WS_X11 exist failed with the following output:
Change Dir: /home/moose/Code/github/onyx-helloworld/build/arm/CMakeFiles/CMakeTmp

Run Build Command:/usr/bin/make "cmTryCompileExec/fast"
/usr/bin/make -f CMakeFiles/cmTryCompileExec.dir/build.make CMakeFiles/cmTryCompileExec.dir/build
make[1]: Entering directory `/home/moose/Code/github/onyx-helloworld/build/arm/CMakeFiles/CMakeTmp'
/usr/bin/cmake -E cmake_progress_report /home/moose/Code/github/onyx-helloworld/build/arm/CMakeFiles/CMakeTmp/CMakeFiles 1
Building C object CMakeFiles/cmTryCompileExec.dir/CheckSymbolExists.c.o
/opt/freescale/usr/local/gcc-4.4.4-glibc-2.11.1-multilib-1.0/arm-fsl-linux-gnueabi/bin/arm-linux-gcc   -I/opt/onyx/arm/include   -o CMakeFiles/cmTryCompileExec.dir/CheckSymbolExists.c.o   -c /home/moose/Code/github/onyx-helloworld/build/arm/CMakeFiles/CMakeTmp/CheckSymbolExists.c
/home/moose/Code/github/onyx-helloworld/build/arm/CMakeFiles/CMakeTmp/CheckSymbolExists.c: In function 'main':
/home/moose/Code/github/onyx-helloworld/build/arm/CMakeFiles/CMakeTmp/CheckSymbolExists.c:8: error: 'Q_WS_X11' undeclared (first use in this function)
/home/moose/Code/github/onyx-helloworld/build/arm/CMakeFiles/CMakeTmp/CheckSymbolExists.c:8: error: (Each undeclared identifier is reported only once
/home/moose/Code/github/onyx-helloworld/build/arm/CMakeFiles/CMakeTmp/CheckSymbolExists.c:8: error: for each function it appears in.)
make[1]: Leaving directory `/home/moose/Code/github/onyx-helloworld/build/arm/CMakeFiles/CMakeTmp'
make[1]: *** [CMakeFiles/cmTryCompileExec.dir/CheckSymbolExists.c.o] Error 1
make: *** [cmTryCompileExec/fast] Error 2

File /home/moose/Code/github/onyx-helloworld/build/arm/CMakeFiles/CMakeTmp/CheckSymbolExists.c:
/* */
#include <QtCore/qglobal.h>

void cmakeRequireSymbol(int dummy,...){(void)dummy;}
int main()
{
#ifndef Q_WS_X11
  cmakeRequireSymbol(0,&Q_WS_X11);
#endif
  return 0;
}

Determining if the Q_WS_WIN exist failed with the following output:
Change Dir: /home/moose/Code/github/onyx-helloworld/build/arm/CMakeFiles/CMakeTmp

Run Build Command:/usr/bin/make "cmTryCompileExec/fast"
/usr/bin/make -f CMakeFiles/cmTryCompileExec.dir/build.make CMakeFiles/cmTryCompileExec.dir/build
make[1]: Entering directory `/home/moose/Code/github/onyx-helloworld/build/arm/CMakeFiles/CMakeTmp'
/usr/bin/cmake -E cmake_progress_report /home/moose/Code/github/onyx-helloworld/build/arm/CMakeFiles/CMakeTmp/CMakeFiles 1
Building C object CMakeFiles/cmTryCompileExec.dir/CheckSymbolExists.c.o
/opt/freescale/usr/local/gcc-4.4.4-glibc-2.11.1-multilib-1.0/arm-fsl-linux-gnueabi/bin/arm-linux-gcc   -I/opt/onyx/arm/include   -o CMakeFiles/cmTryCompileExec.dir/CheckSymbolExists.c.o   -c /home/moose/Code/github/onyx-helloworld/build/arm/CMakeFiles/CMakeTmp/CheckSymbolExists.c
/home/moose/Code/github/onyx-helloworld/build/arm/CMakeFiles/CMakeTmp/CheckSymbolExists.c: In function 'main':
/home/moose/Code/github/onyx-helloworld/build/arm/CMakeFiles/CMakeTmp/CheckSymbolExists.c:8: error: 'Q_WS_WIN' undeclared (first use in this function)
/home/moose/Code/github/onyx-helloworld/build/arm/CMakeFiles/CMakeTmp/CheckSymbolExists.c:8: error: (Each undeclared identifier is reported only once
/home/moose/Code/github/onyx-helloworld/build/arm/CMakeFiles/CMakeTmp/CheckSymbolExists.c:8: error: for each function it appears in.)
make[1]: Leaving directory `/home/moose/Code/github/onyx-helloworld/build/arm/CMakeFiles/CMakeTmp'
make[1]: *** [CMakeFiles/cmTryCompileExec.dir/CheckSymbolExists.c.o] Error 1
make: *** [cmTryCompileExec/fast] Error 2

File /home/moose/Code/github/onyx-helloworld/build/arm/CMakeFiles/CMakeTmp/CheckSymbolExists.c:
/* */
#include <QtCore/qglobal.h>

void cmakeRequireSymbol(int dummy,...){(void)dummy;}
int main()
{
#ifndef Q_WS_WIN
  cmakeRequireSymbol(0,&Q_WS_WIN);
#endif
  return 0;
}

Determining if the Q_WS_MAC exist failed with the following output:
Change Dir: /home/moose/Code/github/onyx-helloworld/build/arm/CMakeFiles/CMakeTmp

Run Build Command:/usr/bin/make "cmTryCompileExec/fast"
/usr/bin/make -f CMakeFiles/cmTryCompileExec.dir/build.make CMakeFiles/cmTryCompileExec.dir/build
make[1]: Entering directory `/home/moose/Code/github/onyx-helloworld/build/arm/CMakeFiles/CMakeTmp'
/usr/bin/cmake -E cmake_progress_report /home/moose/Code/github/onyx-helloworld/build/arm/CMakeFiles/CMakeTmp/CMakeFiles 1
Building C object CMakeFiles/cmTryCompileExec.dir/CheckSymbolExists.c.o
/opt/freescale/usr/local/gcc-4.4.4-glibc-2.11.1-multilib-1.0/arm-fsl-linux-gnueabi/bin/arm-linux-gcc   -I/opt/onyx/arm/include   -o CMakeFiles/cmTryCompileExec.dir/CheckSymbolExists.c.o   -c /home/moose/Code/github/onyx-helloworld/build/arm/CMakeFiles/CMakeTmp/CheckSymbolExists.c
/home/moose/Code/github/onyx-helloworld/build/arm/CMakeFiles/CMakeTmp/CheckSymbolExists.c: In function 'main':
/home/moose/Code/github/onyx-helloworld/build/arm/CMakeFiles/CMakeTmp/CheckSymbolExists.c:8: error: 'Q_WS_MAC' undeclared (first use in this function)
/home/moose/Code/github/onyx-helloworld/build/arm/CMakeFiles/CMakeTmp/CheckSymbolExists.c:8: error: (Each undeclared identifier is reported only once
/home/moose/Code/github/onyx-helloworld/build/arm/CMakeFiles/CMakeTmp/CheckSymbolExists.c:8: error: for each function it appears in.)
make[1]: Leaving directory `/home/moose/Code/github/onyx-helloworld/build/arm/CMakeFiles/CMakeTmp'
make[1]: *** [CMakeFiles/cmTryCompileExec.dir/CheckSymbolExists.c.o] Error 1
make: *** [cmTryCompileExec/fast] Error 2

File /home/moose/Code/github/onyx-helloworld/build/arm/CMakeFiles/CMakeTmp/CheckSymbolExists.c:
/* */
#include <QtCore/qglobal.h>

void cmakeRequireSymbol(int dummy,...){(void)dummy;}
int main()
{
#ifndef Q_WS_MAC
  cmakeRequireSymbol(0,&Q_WS_MAC);
#endif
  return 0;
}

